20/03/05 16:42:27 WARN util.NativeCodeLoader: Unable to load native-hadoop library for your platform... using builtin-java classes where applicable
20/03/05 16:42:28 INFO spark.SparkContext: Running Spark version 2.4.4
20/03/05 16:42:28 INFO spark.SparkContext: Submitted application: Q2_parquet
20/03/05 16:42:28 INFO spark.SecurityManager: Changing view acls to: user
20/03/05 16:42:28 INFO spark.SecurityManager: Changing modify acls to: user
20/03/05 16:42:28 INFO spark.SecurityManager: Changing view acls groups to: 
20/03/05 16:42:28 INFO spark.SecurityManager: Changing modify acls groups to: 
20/03/05 16:42:28 INFO spark.SecurityManager: SecurityManager: authentication disabled; ui acls disabled; users  with view permissions: Set(user); groups with view permissions: Set(); users  with modify permissions: Set(user); groups with modify permissions: Set()
20/03/05 16:42:28 INFO util.Utils: Successfully started service 'sparkDriver' on port 35562.
20/03/05 16:42:28 INFO spark.SparkEnv: Registering MapOutputTracker
20/03/05 16:42:28 INFO spark.SparkEnv: Registering BlockManagerMaster
20/03/05 16:42:28 INFO storage.BlockManagerMasterEndpoint: Using org.apache.spark.storage.DefaultTopologyMapper for getting topology information
20/03/05 16:42:28 INFO storage.BlockManagerMasterEndpoint: BlockManagerMasterEndpoint up
20/03/05 16:42:28 INFO storage.DiskBlockManager: Created local directory at /tmp/blockmgr-9720a6e7-8500-4a99-9c63-ada3493b0b8a
20/03/05 16:42:28 INFO memory.MemoryStore: MemoryStore started with capacity 229.8 MB
20/03/05 16:42:28 INFO spark.SparkEnv: Registering OutputCommitCoordinator
20/03/05 16:42:28 INFO util.log: Logging initialized @2814ms
20/03/05 16:42:28 INFO server.Server: jetty-9.3.z-SNAPSHOT, build timestamp: unknown, git hash: unknown
20/03/05 16:42:28 INFO server.Server: Started @2899ms
20/03/05 16:42:28 INFO server.AbstractConnector: Started ServerConnector@7169f7c9{HTTP/1.1,[http/1.1]}{0.0.0.0:4040}
20/03/05 16:42:28 INFO util.Utils: Successfully started service 'SparkUI' on port 4040.
20/03/05 16:42:29 INFO handler.ContextHandler: Started o.s.j.s.ServletContextHandler@2170555e{/jobs,null,AVAILABLE,@Spark}
20/03/05 16:42:29 INFO handler.ContextHandler: Started o.s.j.s.ServletContextHandler@2b4be2aa{/jobs/json,null,AVAILABLE,@Spark}
20/03/05 16:42:29 INFO handler.ContextHandler: Started o.s.j.s.ServletContextHandler@e3bab03{/jobs/job,null,AVAILABLE,@Spark}
20/03/05 16:42:29 INFO handler.ContextHandler: Started o.s.j.s.ServletContextHandler@ddf5d56{/jobs/job/json,null,AVAILABLE,@Spark}
20/03/05 16:42:29 INFO handler.ContextHandler: Started o.s.j.s.ServletContextHandler@7975b0f5{/stages,null,AVAILABLE,@Spark}
20/03/05 16:42:29 INFO handler.ContextHandler: Started o.s.j.s.ServletContextHandler@2ac57f6b{/stages/json,null,AVAILABLE,@Spark}
20/03/05 16:42:29 INFO handler.ContextHandler: Started o.s.j.s.ServletContextHandler@17a1d1ef{/stages/stage,null,AVAILABLE,@Spark}
20/03/05 16:42:29 INFO handler.ContextHandler: Started o.s.j.s.ServletContextHandler@35faf295{/stages/stage/json,null,AVAILABLE,@Spark}
20/03/05 16:42:29 INFO handler.ContextHandler: Started o.s.j.s.ServletContextHandler@2ccd636c{/stages/pool,null,AVAILABLE,@Spark}
20/03/05 16:42:29 INFO handler.ContextHandler: Started o.s.j.s.ServletContextHandler@540b435e{/stages/pool/json,null,AVAILABLE,@Spark}
20/03/05 16:42:29 INFO handler.ContextHandler: Started o.s.j.s.ServletContextHandler@4fbf936b{/storage,null,AVAILABLE,@Spark}
20/03/05 16:42:29 INFO handler.ContextHandler: Started o.s.j.s.ServletContextHandler@2db3be53{/storage/json,null,AVAILABLE,@Spark}
20/03/05 16:42:29 INFO handler.ContextHandler: Started o.s.j.s.ServletContextHandler@6aa27e8a{/storage/rdd,null,AVAILABLE,@Spark}
20/03/05 16:42:29 INFO handler.ContextHandler: Started o.s.j.s.ServletContextHandler@64bdd133{/storage/rdd/json,null,AVAILABLE,@Spark}
20/03/05 16:42:29 INFO handler.ContextHandler: Started o.s.j.s.ServletContextHandler@57aa3204{/environment,null,AVAILABLE,@Spark}
20/03/05 16:42:29 INFO handler.ContextHandler: Started o.s.j.s.ServletContextHandler@67db5f84{/environment/json,null,AVAILABLE,@Spark}
20/03/05 16:42:29 INFO handler.ContextHandler: Started o.s.j.s.ServletContextHandler@1ef42bdb{/executors,null,AVAILABLE,@Spark}
20/03/05 16:42:29 INFO handler.ContextHandler: Started o.s.j.s.ServletContextHandler@144a557f{/executors/json,null,AVAILABLE,@Spark}
20/03/05 16:42:29 INFO handler.ContextHandler: Started o.s.j.s.ServletContextHandler@12766fe0{/executors/threadDump,null,AVAILABLE,@Spark}
20/03/05 16:42:29 INFO handler.ContextHandler: Started o.s.j.s.ServletContextHandler@2fec2555{/executors/threadDump/json,null,AVAILABLE,@Spark}
20/03/05 16:42:29 INFO handler.ContextHandler: Started o.s.j.s.ServletContextHandler@10f97980{/static,null,AVAILABLE,@Spark}
20/03/05 16:42:29 INFO handler.ContextHandler: Started o.s.j.s.ServletContextHandler@64d9a2bb{/,null,AVAILABLE,@Spark}
20/03/05 16:42:29 INFO handler.ContextHandler: Started o.s.j.s.ServletContextHandler@3b2d97dd{/api,null,AVAILABLE,@Spark}
20/03/05 16:42:29 INFO handler.ContextHandler: Started o.s.j.s.ServletContextHandler@322afd35{/jobs/job/kill,null,AVAILABLE,@Spark}
20/03/05 16:42:29 INFO handler.ContextHandler: Started o.s.j.s.ServletContextHandler@35ff0cdb{/stages/stage/kill,null,AVAILABLE,@Spark}
20/03/05 16:42:29 INFO ui.SparkUI: Bound SparkUI to 0.0.0.0, and started at http://master:4040
20/03/05 16:42:29 INFO client.StandaloneAppClient$ClientEndpoint: Connecting to master spark://master:7077...
20/03/05 16:42:29 INFO client.TransportClientFactory: Successfully created connection to master/192.168.0.1:7077 after 45 ms (0 ms spent in bootstraps)
20/03/05 16:42:29 INFO cluster.StandaloneSchedulerBackend: Connected to Spark cluster with app ID app-20200305164229-0036
20/03/05 16:42:29 INFO client.StandaloneAppClient$ClientEndpoint: Executor added: app-20200305164229-0036/0 on worker-20200303172335-192.168.0.2-43165 (192.168.0.2:43165) with 1 core(s)
20/03/05 16:42:29 INFO cluster.StandaloneSchedulerBackend: Granted executor ID app-20200305164229-0036/0 on hostPort 192.168.0.2:43165 with 1 core(s), 768.0 MB RAM
20/03/05 16:42:29 INFO util.Utils: Successfully started service 'org.apache.spark.network.netty.NettyBlockTransferService' on port 40424.
20/03/05 16:42:29 INFO netty.NettyBlockTransferService: Server created on master:40424
20/03/05 16:42:29 INFO storage.BlockManager: Using org.apache.spark.storage.RandomBlockReplicationPolicy for block replication policy
20/03/05 16:42:29 INFO client.StandaloneAppClient$ClientEndpoint: Executor updated: app-20200305164229-0036/0 is now RUNNING
20/03/05 16:42:29 INFO storage.BlockManagerMaster: Registering BlockManager BlockManagerId(driver, master, 40424, None)
20/03/05 16:42:29 INFO storage.BlockManagerMasterEndpoint: Registering block manager master:40424 with 229.8 MB RAM, BlockManagerId(driver, master, 40424, None)
20/03/05 16:42:29 INFO storage.BlockManagerMaster: Registered BlockManager BlockManagerId(driver, master, 40424, None)
20/03/05 16:42:29 INFO storage.BlockManager: Initialized BlockManager: BlockManagerId(driver, master, 40424, None)
20/03/05 16:42:29 INFO handler.ContextHandler: Started o.s.j.s.ServletContextHandler@1cca2a48{/metrics/json,null,AVAILABLE,@Spark}
20/03/05 16:42:29 INFO cluster.StandaloneSchedulerBackend: SchedulerBackend is ready for scheduling beginning after reached minRegisteredResourcesRatio: 0.0
20/03/05 16:42:29 INFO internal.SharedState: Setting hive.metastore.warehouse.dir ('null') to the value of spark.sql.warehouse.dir ('file:/home/user/spark-warehouse/').
20/03/05 16:42:29 INFO internal.SharedState: Warehouse path is 'file:/home/user/spark-warehouse/'.
20/03/05 16:42:29 INFO handler.ContextHandler: Started o.s.j.s.ServletContextHandler@4507708d{/SQL,null,AVAILABLE,@Spark}
20/03/05 16:42:29 INFO handler.ContextHandler: Started o.s.j.s.ServletContextHandler@f598501{/SQL/json,null,AVAILABLE,@Spark}
20/03/05 16:42:29 INFO handler.ContextHandler: Started o.s.j.s.ServletContextHandler@7fe3b1fb{/SQL/execution,null,AVAILABLE,@Spark}
20/03/05 16:42:29 INFO handler.ContextHandler: Started o.s.j.s.ServletContextHandler@1f2f8e1e{/SQL/execution/json,null,AVAILABLE,@Spark}
20/03/05 16:42:29 INFO handler.ContextHandler: Started o.s.j.s.ServletContextHandler@4584036d{/static/sql,null,AVAILABLE,@Spark}
20/03/05 16:42:30 INFO state.StateStoreCoordinatorRef: Registered StateStoreCoordinator endpoint
20/03/05 16:42:32 INFO cluster.CoarseGrainedSchedulerBackend$DriverEndpoint: Registered executor NettyRpcEndpointRef(spark-client://Executor) (192.168.0.2:44648) with ID 0
20/03/05 16:42:32 INFO storage.BlockManagerMasterEndpoint: Registering block manager 192.168.0.2:46844 with 229.8 MB RAM, BlockManagerId(0, 192.168.0.2, 46844, None)
20/03/05 16:42:33 INFO datasources.FileSourceStrategy: Pruning directories with: 
20/03/05 16:42:33 INFO datasources.FileSourceStrategy: Post-Scan Filters: 
20/03/05 16:42:33 INFO datasources.FileSourceStrategy: Output Data Schema: struct<tripID: string, vendorID: string>
20/03/05 16:42:33 INFO execution.FileSourceScanExec: Pushed Filters: 
20/03/05 16:42:34 INFO parquet.ParquetFileFormat: Using default output committer for Parquet: org.apache.parquet.hadoop.ParquetOutputCommitter
20/03/05 16:42:34 INFO output.FileOutputCommitter: File Output Committer Algorithm version is 1
20/03/05 16:42:34 INFO datasources.SQLHadoopMapReduceCommitProtocol: Using user defined output committer class org.apache.parquet.hadoop.ParquetOutputCommitter
20/03/05 16:42:34 INFO output.FileOutputCommitter: File Output Committer Algorithm version is 1
20/03/05 16:42:34 INFO datasources.SQLHadoopMapReduceCommitProtocol: Using output committer class org.apache.parquet.hadoop.ParquetOutputCommitter
20/03/05 16:42:34 INFO codegen.CodeGenerator: Code generated in 230.795498 ms
20/03/05 16:42:34 INFO memory.MemoryStore: Block broadcast_0 stored as values in memory (estimated size 285.5 KB, free 229.5 MB)
20/03/05 16:42:34 INFO memory.MemoryStore: Block broadcast_0_piece0 stored as bytes in memory (estimated size 23.4 KB, free 229.5 MB)
20/03/05 16:42:34 INFO storage.BlockManagerInfo: Added broadcast_0_piece0 in memory on master:40424 (size: 23.4 KB, free: 229.8 MB)
20/03/05 16:42:34 INFO spark.SparkContext: Created broadcast 0 from parquet at NativeMethodAccessorImpl.java:0
20/03/05 16:42:34 INFO execution.FileSourceScanExec: Planning scan with bin packing, max size: 102169284 bytes, open cost is considered as scanning 4194304 bytes.
20/03/05 16:42:35 INFO spark.SparkContext: Starting job: parquet at NativeMethodAccessorImpl.java:0
20/03/05 16:42:35 INFO scheduler.DAGScheduler: Got job 0 (parquet at NativeMethodAccessorImpl.java:0) with 2 output partitions
20/03/05 16:42:35 INFO scheduler.DAGScheduler: Final stage: ResultStage 0 (parquet at NativeMethodAccessorImpl.java:0)
20/03/05 16:42:35 INFO scheduler.DAGScheduler: Parents of final stage: List()
20/03/05 16:42:35 INFO scheduler.DAGScheduler: Missing parents: List()
20/03/05 16:42:35 INFO scheduler.DAGScheduler: Submitting ResultStage 0 (MapPartitionsRDD[1] at parquet at NativeMethodAccessorImpl.java:0), which has no missing parents
20/03/05 16:42:35 INFO memory.MemoryStore: Block broadcast_1 stored as values in memory (estimated size 149.7 KB, free 229.4 MB)
20/03/05 16:42:35 INFO memory.MemoryStore: Block broadcast_1_piece0 stored as bytes in memory (estimated size 54.8 KB, free 229.3 MB)
20/03/05 16:42:35 INFO storage.BlockManagerInfo: Added broadcast_1_piece0 in memory on master:40424 (size: 54.8 KB, free: 229.7 MB)
20/03/05 16:42:35 INFO spark.SparkContext: Created broadcast 1 from broadcast at DAGScheduler.scala:1161
20/03/05 16:42:35 INFO scheduler.DAGScheduler: Submitting 2 missing tasks from ResultStage 0 (MapPartitionsRDD[1] at parquet at NativeMethodAccessorImpl.java:0) (first 15 tasks are for partitions Vector(0, 1))
20/03/05 16:42:35 INFO scheduler.TaskSchedulerImpl: Adding task set 0.0 with 2 tasks
20/03/05 16:42:35 INFO scheduler.TaskSetManager: Starting task 0.0 in stage 0.0 (TID 0, 192.168.0.2, executor 0, partition 0, ANY, 8264 bytes)
20/03/05 16:42:35 INFO storage.BlockManagerInfo: Added broadcast_1_piece0 in memory on 192.168.0.2:46844 (size: 54.8 KB, free: 229.7 MB)
20/03/05 16:42:38 INFO storage.BlockManagerInfo: Added broadcast_0_piece0 in memory on 192.168.0.2:46844 (size: 23.4 KB, free: 229.7 MB)
20/03/05 16:42:54 INFO scheduler.TaskSetManager: Starting task 1.0 in stage 0.0 (TID 1, 192.168.0.2, executor 0, partition 1, ANY, 8264 bytes)
20/03/05 16:42:54 INFO scheduler.TaskSetManager: Finished task 0.0 in stage 0.0 (TID 0) in 18727 ms on 192.168.0.2 (executor 0) (1/2)
20/03/05 16:43:07 INFO scheduler.TaskSetManager: Finished task 1.0 in stage 0.0 (TID 1) in 13965 ms on 192.168.0.2 (executor 0) (2/2)
20/03/05 16:43:07 INFO scheduler.DAGScheduler: ResultStage 0 (parquet at NativeMethodAccessorImpl.java:0) finished in 32.819 s
20/03/05 16:43:07 INFO scheduler.TaskSchedulerImpl: Removed TaskSet 0.0, whose tasks have all completed, from pool 
20/03/05 16:43:07 INFO scheduler.DAGScheduler: Job 0 finished: parquet at NativeMethodAccessorImpl.java:0, took 32.906171 s
20/03/05 16:43:08 INFO datasources.FileFormatWriter: Write Job 45bd56c4-3e2d-49f5-8913-26b4e5544d64 committed.
20/03/05 16:43:08 INFO datasources.FileFormatWriter: Finished processing stats for write job 45bd56c4-3e2d-49f5-8913-26b4e5544d64.
20/03/05 16:43:08 INFO server.AbstractConnector: Stopped Spark@7169f7c9{HTTP/1.1,[http/1.1]}{0.0.0.0:4040}
20/03/05 16:43:08 INFO ui.SparkUI: Stopped Spark web UI at http://master:4040
20/03/05 16:43:08 INFO cluster.StandaloneSchedulerBackend: Shutting down all executors
20/03/05 16:43:08 INFO cluster.CoarseGrainedSchedulerBackend$DriverEndpoint: Asking each executor to shut down
20/03/05 16:43:08 INFO spark.MapOutputTrackerMasterEndpoint: MapOutputTrackerMasterEndpoint stopped!
20/03/05 16:43:08 INFO memory.MemoryStore: MemoryStore cleared
20/03/05 16:43:08 INFO storage.BlockManager: BlockManager stopped
20/03/05 16:43:08 INFO storage.BlockManagerMaster: BlockManagerMaster stopped
20/03/05 16:43:08 INFO scheduler.OutputCommitCoordinator$OutputCommitCoordinatorEndpoint: OutputCommitCoordinator stopped!
20/03/05 16:43:08 INFO spark.SparkContext: Successfully stopped SparkContext
20/03/05 16:43:08 INFO util.ShutdownHookManager: Shutdown hook called
20/03/05 16:43:08 INFO util.ShutdownHookManager: Deleting directory /tmp/spark-d5fbae0c-86a5-4d34-8c0f-3410168d7ee5/pyspark-804f4923-3062-44de-a31b-b2fa95fd1a02
20/03/05 16:43:08 INFO util.ShutdownHookManager: Deleting directory /tmp/spark-80914214-8fc8-4303-8279-537e9de974cf
20/03/05 16:43:08 INFO util.ShutdownHookManager: Deleting directory /tmp/spark-d5fbae0c-86a5-4d34-8c0f-3410168d7ee5
